<?xml version="1.0" encoding="UTF-8"?>
<testsuite xmlns:xsi="http://www.w3.org/2001/XMLSchema-instance" xsi:noNamespaceSchemaLocation="https://maven.apache.org/surefire/maven-surefire-plugin/xsd/surefire-test-report-3.0.xsd" version="3.0" name="fr.leet.numbers.NumberWorkerTest" time="0.151" tests="21" errors="0" skipped="0" failures="0">
  <properties>
[...]
</properties>
  <testcase name="isPrimeForNotPrimes(int)[1]" classname="fr.leet.numbers.NumberWorkerTest" time="0.04"/>
  <testcase name="isPrimeForNotPrimes(int)[2]" classname="fr.leet.numbers.NumberWorkerTest" time="0.001"/>
  <testcase name="isPrimeForNotPrimes(int)[3]" classname="fr.leet.numbers.NumberWorkerTest" time="0.0"/>
  <testcase name="digitsSumTest(String, String)[1]" classname="fr.leet.numbers.NumberWorkerTest" time="0.004"/>
  <testcase name="digitsSumTest(String, String)[2]" classname="fr.leet.numbers.NumberWorkerTest" time="0.0"/>
  <testcase name="digitsSumTest(String, String)[3]" classname="fr.leet.numbers.NumberWorkerTest" time="0.001"/>
  <testcase name="digitsSumTest(String, String)[4]" classname="fr.leet.numbers.NumberWorkerTest" time="0.001"/>
  <testcase name="digitsSumTest(String, String)[5]" classname="fr.leet.numbers.NumberWorkerTest" time="0.0"/>
  <testcase name="digitsSumTest(String, String)[6]" classname="fr.leet.numbers.NumberWorkerTest" time="0.001"/>
  <testcase name="digitsSumTest(String, String)[7]" classname="fr.leet.numbers.NumberWorkerTest" time="0.001"/>
  <testcase name="digitsSumTest(String, String)[8]" classname="fr.leet.numbers.NumberWorkerTest" time="0.001"/>
  <testcase name="digitsSumTest(String, String)[9]" classname="fr.leet.numbers.NumberWorkerTest" time="0.0"/>
  <testcase name="digitsSumTest(String, String)[10]" classname="fr.leet.numbers.NumberWorkerTest" time="0.0"/>
  <testcase name="digitsSumTest(String, String)[11]" classname="fr.leet.numbers.NumberWorkerTest" time="0.001"/>
  <testcase name="digitsSumTest(String, String)[12]" classname="fr.leet.numbers.NumberWorkerTest" time="0.0"/>
  <testcase name="isPrimeForPrimes(int)[1]" classname="fr.leet.numbers.NumberWorkerTest" time="0.001"/>
  <testcase name="isPrimeForPrimes(int)[2]" classname="fr.leet.numbers.NumberWorkerTest" time="0.0"/>
  <testcase name="isPrimeForPrimes(int)[3]" classname="fr.leet.numbers.NumberWorkerTest" time="0.0"/>
  <testcase name="isPrimeForNoneValidNumbers(int)[1]" classname="fr.leet.numbers.NumberWorkerTest" time="0.004"/>
  <testcase name="isPrimeForNoneValidNumbers(int)[2]" classname="fr.leet.numbers.NumberWorkerTest" time="0.001"/>
  <testcase name="isPrimeForNoneValidNumbers(int)[3]" classname="fr.leet.numbers.NumberWorkerTest" time="0.001"/>
</testsuite>